2026-07-09 12:20:38 - [INFO] - Spawning Backend API Request Client Context
2026-07-09 12:20:43 - [INFO] - Sending POST Request to Create User Account ---
2026-07-09 12:20:45 - [INFO] - API Response Status Code: 200
2026-07-09 12:20:45 - [INFO] - Tearing down Backend API Context
2026-07-09 12:21:50 - [INFO] - Spawning Backend API Request Client Context
2026-07-09 12:21:50 - [INFO] - Sending POST Request to Create User Account ---
2026-07-09 12:21:53 - [INFO] - API Response Status Code: 200
2026-07-09 12:21:53 - [INFO] - -------Sending Get Request For user:bimalesh_api_8145@gmail.com
2026-07-09 12:21:54 - [INFO] - API Response Status code:200
2026-07-09 12:21:54 - [INFO] - Tearing down Backend API Context
2026-07-09 12:22:07 - [INFO] - Spawning Backend API Request Client Context
2026-07-09 12:22:07 - [INFO] - Sending POST Request to Create User Account ---
2026-07-09 12:22:10 - [INFO] - API Response Status Code: 200
2026-07-09 12:22:10 - [INFO] - -------Sending Get Request For user:bimalesh_api_8688@gmail.com
2026-07-09 12:22:11 - [INFO] - API Response Status code:200
2026-07-09 12:22:11 - [INFO] - Tearing down Backend API Context
2026-07-09 12:23:04 - [INFO] - Spawning Backend API Request Client Context
2026-07-09 12:23:04 - [INFO] - Sending POST Request to Create User Account ---
2026-07-09 12:23:06 - [INFO] - API Response Status Code: 200
2026-07-09 12:23:06 - [INFO] - -------Sending Get Request For user:bimalesh_api_3527@gmail.com
2026-07-09 12:23:07 - [INFO] - API Response Status code:503
2026-07-09 12:23:07 - [INFO] - Tearing down Backend API Context
2026-07-09 12:23:28 - [INFO] - Spawning Backend API Request Client Context
2026-07-09 12:23:28 - [INFO] - Sending POST Request to Create User Account ---
2026-07-09 12:23:29 - [INFO] - API Response Status Code: 503
2026-07-09 12:23:29 - [INFO] - Tearing down Backend API Context
2026-07-09 12:24:39 - [INFO] - Spawning Backend API Request Client Context
2026-07-09 12:24:40 - [INFO] - Sending POST Request to Create User Account ---
2026-07-09 12:24:41 - [INFO] - API Response Status Code: 200
2026-07-09 12:24:41 - [INFO] - -------Sending Get Request For user:bimalesh_api_6706@gmail.com
2026-07-09 12:24:42 - [INFO] - API Response Status code:200
2026-07-09 12:24:42 - [INFO] - Tearing down Backend API Context
2026-07-09 12:25:51 - [INFO] - Spawning Backend API Request Client Context
2026-07-09 12:25:52 - [INFO] - Sending POST Request to Create User Account ---
2026-07-09 12:25:52 - [INFO] - API Response Status Code: 200
2026-07-09 12:25:52 - [INFO] - -------Sending Get Request For user:bimalesh_api_6322@gmail.com
2026-07-09 12:25:53 - [INFO] - API Response Status code:200
2026-07-09 12:25:53 - [INFO] - ----Sending PUT Request to update User Account
2026-07-09 12:25:53 - [INFO] - API Response Satus Code: 200
2026-07-09 12:25:53 - [INFO] - --- Sending DELETE Request for User: bimalesh_api_6322@gmail.com ---
2026-07-09 12:25:53 - [INFO] - API Response Status Code: 200
2026-07-09 12:25:54 - [INFO] - Tearing down Backend API Context
2026-07-09 12:26:33 - [INFO] - Spawning Backend API Request Client Context
2026-07-09 12:26:33 - [INFO] - Sending POST Request to Create User Account ---
2026-07-09 12:26:35 - [INFO] - API Response Status Code: 200
2026-07-09 12:26:35 - [INFO] - -------Sending Get Request For user:bimalesh_api_7641@gmail.com
2026-07-09 12:26:35 - [INFO] - API Response Status code:200
2026-07-09 12:26:35 - [INFO] - ----Sending PUT Request to update User Account
2026-07-09 12:26:35 - [INFO] - API Response Satus Code: 200
2026-07-09 12:26:35 - [INFO] - --- Sending DELETE Request for User: bimalesh_api_7641@gmail.com ---
2026-07-09 12:26:36 - [INFO] - API Response Status Code: 200
2026-07-09 12:26:36 - [INFO] - Tearing down Backend API Context
2026-07-09 12:30:20 - [INFO] - Spawning Backend API Request Client Context
2026-07-09 12:30:21 - [INFO] - Sending POST Request to Create User Account ---
2026-07-09 12:30:22 - [INFO] - API Response Status Code: 200
2026-07-09 12:30:22 - [INFO] - -------Sending Get Request For user:bimalesh_api_9831@gmail.com
2026-07-09 12:30:22 - [INFO] - API Response Status code:200
2026-07-09 12:30:22 - [INFO] - ----Sending PUT Request to update User Account
2026-07-09 12:30:23 - [INFO] - API Response Satus Code: 200
2026-07-09 12:30:23 - [INFO] - --- Sending DELETE Request for User: bimalesh_api_9831@gmail.com ---
2026-07-09 12:30:23 - [INFO] - API Response Status Code: 200
2026-07-09 12:30:23 - [INFO] - Tearing down Backend API Context
